#! /opt/homebrew/Cellar/icarus-verilog/12.0/bin/vvp
:ivl_version "12.0 (stable)";
:ivl_delay_selection "TYPICAL";
:vpi_time_precision + 0;
:vpi_module "/opt/homebrew/Cellar/icarus-verilog/12.0/lib/ivl/system.vpi";
:vpi_module "/opt/homebrew/Cellar/icarus-verilog/12.0/lib/ivl/vhdl_sys.vpi";
:vpi_module "/opt/homebrew/Cellar/icarus-verilog/12.0/lib/ivl/vhdl_textio.vpi";
:vpi_module "/opt/homebrew/Cellar/icarus-verilog/12.0/lib/ivl/v2005_math.vpi";
:vpi_module "/opt/homebrew/Cellar/icarus-verilog/12.0/lib/ivl/va_math.vpi";
:vpi_module "/opt/homebrew/Cellar/icarus-verilog/12.0/lib/ivl/v2009.vpi";
S_0x13f71cd20 .scope package, "$unit" "$unit" 2 1;
 .timescale 0 0;
S_0x13f71baa0 .scope module, "Hazard_unit" "Hazard_unit" 3 1;
 .timescale 0 0;
    .port_info 0 /INPUT 1 "clk";
    .port_info 1 /INPUT 1 "rst";
    .port_info 2 /INPUT 5 "D_rd";
    .port_info 3 /INPUT 5 "D_ra";
    .port_info 4 /INPUT 5 "D_rb";
    .port_info 5 /INPUT 32 "EX_alu_out";
    .port_info 6 /INPUT 5 "EX_rd";
    .port_info 7 /INPUT 1 "EX_we";
    .port_info 8 /INPUT 1 "EX_ld";
    .port_info 9 /INPUT 1 "EX_mul";
    .port_info 10 /INPUT 1 "EX_jlx";
    .port_info 11 /INPUT 5 "MEM_rd";
    .port_info 12 /INPUT 1 "MEM_we";
    .port_info 13 /INPUT 1 "MEM_jlx";
    .port_info 14 /INPUT 5 "WB_rd";
    .port_info 15 /INPUT 1 "WB_we";
    .port_info 16 /INPUT 1 "WB_jlx";
    .port_info 17 /INPUT 1 "mul_busy";
    .port_info 18 /INPUT 5 "mul_busy_rd";
    .port_info 19 /OUTPUT 1 "stall_D";
    .port_info 20 /OUTPUT 3 "EX_D_bp";
    .port_info 21 /OUTPUT 3 "MEM_D_bp";
    .port_info 22 /OUTPUT 3 "WB_D_bp";
P_0x13f709de0 .param/l "ADDR_SIZE" 0 3 3, +C4<00000000000000000000000000000101>;
P_0x13f709e20 .param/l "MUL_STALLS" 0 3 4, +C4<00000000000000000000000000000100>;
P_0x13f709e60 .param/l "XLEN" 0 3 2, +C4<00000000000000000000000000100000>;
o0x1400401c0 .functor BUFZ 1, C4<z>; HiZ drive
L_0x13f71f280 .functor AND 1, o0x1400401c0, L_0x13f730f40, C4<1>, C4<1>;
o0x140040100 .functor BUFZ 1, C4<z>; HiZ drive
L_0x13f731160 .functor AND 1, o0x140040100, L_0x13f731020, C4<1>, C4<1>;
L_0x13f731230 .functor OR 1, L_0x13f71f280, L_0x13f731160, C4<0>, C4<0>;
L_0x13f731440 .functor AND 1, o0x1400401c0, L_0x13f731340, C4<1>, C4<1>;
L_0x13f731690 .functor AND 1, o0x140040100, L_0x13f731570, C4<1>, C4<1>;
L_0x13f7317b0 .functor OR 1, L_0x13f731440, L_0x13f731690, C4<0>, C4<0>;
o0x140040280 .functor BUFZ 1, C4<z>; HiZ drive
L_0x13f731940 .functor AND 1, o0x140040280, L_0x13f7318a0, C4<1>, C4<1>;
o0x140040220 .functor BUFZ 1, C4<z>; HiZ drive
L_0x13f731bb0 .functor AND 1, o0x140040220, L_0x13f731a70, C4<1>, C4<1>;
L_0x13f731ca0 .functor OR 1, L_0x13f731940, L_0x13f731bb0, C4<0>, C4<0>;
L_0x13f731ee0 .functor AND 1, o0x140040280, L_0x13f731e00, C4<1>, C4<1>;
L_0x13f7320f0 .functor AND 1, o0x140040220, L_0x13f731fd0, C4<1>, C4<1>;
L_0x13f732240 .functor OR 1, L_0x13f731ee0, L_0x13f7320f0, C4<0>, C4<0>;
o0x140040340 .functor BUFZ 1, C4<z>; HiZ drive
L_0x13f7323e0 .functor AND 1, o0x140040340, L_0x13f7322f0, C4<1>, C4<1>;
o0x1400402e0 .functor BUFZ 1, C4<z>; HiZ drive
L_0x13f732600 .functor AND 1, o0x1400402e0, L_0x13f732520, C4<1>, C4<1>;
L_0x13f7326b0 .functor OR 1, L_0x13f7323e0, L_0x13f732600, C4<0>, C4<0>;
L_0x13f732920 .functor AND 1, o0x140040340, L_0x13f732820, C4<1>, C4<1>;
L_0x13f732ab0 .functor AND 1, o0x1400402e0, L_0x13f7329d0, C4<1>, C4<1>;
L_0x13f732c30 .functor OR 1, L_0x13f732920, L_0x13f732ab0, C4<0>, C4<0>;
o0x140040cd0 .functor BUFZ 1, C4<z>; HiZ drive
L_0x13f732db0 .functor AND 1, o0x140040cd0, L_0x13f732ca0, C4<1>, C4<1>;
L_0x13f731b30 .functor AND 1, L_0x13f732db0, L_0x13f732f00, C4<1>, C4<1>;
L_0x13f732d40 .functor AND 1, o0x140040cd0, L_0x13f733120, C4<1>, C4<1>;
L_0x13f732070 .functor AND 1, L_0x13f732d40, L_0x13f732e60, C4<1>, C4<1>;
L_0x13f733570 .functor OR 1, L_0x13f731230, L_0x13f7317b0, C4<0>, C4<0>;
o0x140040130 .functor BUFZ 1, C4<z>; HiZ drive
L_0x13f733720 .functor AND 1, o0x140040130, L_0x13f733570, C4<1>, C4<1>;
L_0x13f733790 .functor OR 1, L_0x13f733720, L_0x13f731b30, C4<0>, C4<0>;
L_0x13f733950 .functor OR 1, L_0x13f733790, L_0x13f732070, C4<0>, C4<0>;
L_0x13f733af0 .functor AND 1, L_0x13f731230, L_0x13f7339c0, C4<1>, C4<1>;
L_0x13f733880 .functor AND 1, L_0x13f7317b0, L_0x13f733c40, C4<1>, C4<1>;
o0x140040010 .functor BUFZ 5, C4<zzzzz>; HiZ drive
v0x13f71f340_0 .net "D_ra", 4 0, o0x140040010;  0 drivers
o0x140040040 .functor BUFZ 5, C4<zzzzz>; HiZ drive
v0x13f72dcc0_0 .net "D_rb", 4 0, o0x140040040;  0 drivers
o0x140040070 .functor BUFZ 5, C4<zzzzz>; HiZ drive
v0x13f72dd60_0 .net "D_rd", 4 0, o0x140040070;  0 drivers
v0x13f72de10_0 .net "EX_D_bp", 2 0, L_0x13f733ce0;  1 drivers
o0x1400400d0 .functor BUFZ 32, C4<zzzzzzzzzzzzzzzzzzzzzzzzzzzzzzzz>; HiZ drive
v0x13f72dec0_0 .net "EX_alu_out", 31 0, o0x1400400d0;  0 drivers
v0x13f72dfb0_0 .net "EX_jlx", 0 0, o0x140040100;  0 drivers
v0x13f72e050_0 .net "EX_ld", 0 0, o0x140040130;  0 drivers
o0x140040160 .functor BUFZ 1, C4<z>; HiZ drive
v0x13f72e0f0_0 .net "EX_mul", 0 0, o0x140040160;  0 drivers
o0x140040190 .functor BUFZ 5, C4<zzzzz>; HiZ drive
v0x13f72e190_0 .net "EX_rd", 4 0, o0x140040190;  0 drivers
v0x13f72e2a0_0 .net "EX_we", 0 0, o0x1400401c0;  0 drivers
v0x13f72e340_0 .net "MEM_D_bp", 2 0, L_0x13f733ea0;  1 drivers
v0x13f72e3f0_0 .net "MEM_jlx", 0 0, o0x140040220;  0 drivers
o0x140040250 .functor BUFZ 5, C4<zzzzz>; HiZ drive
v0x13f72e490_0 .net "MEM_rd", 4 0, o0x140040250;  0 drivers
v0x13f72e540_0 .net "MEM_we", 0 0, o0x140040280;  0 drivers
v0x13f72e5e0_0 .net "WB_D_bp", 2 0, L_0x13f733f40;  1 drivers
v0x13f72e690_0 .net "WB_jlx", 0 0, o0x1400402e0;  0 drivers
o0x140040310 .functor BUFZ 5, C4<zzzzz>; HiZ drive
v0x13f72e730_0 .net "WB_rd", 4 0, o0x140040310;  0 drivers
v0x13f72e8c0_0 .net "WB_we", 0 0, o0x140040340;  0 drivers
v0x13f72e950_0 .net *"_ivl_0", 0 0, L_0x13f730f40;  1 drivers
v0x13f72e9e0_0 .net *"_ivl_101", 0 0, L_0x13f7339c0;  1 drivers
v0x13f72ea80_0 .net *"_ivl_103", 0 0, L_0x13f733af0;  1 drivers
v0x13f72eb20_0 .net *"_ivl_105", 0 0, L_0x13f733c40;  1 drivers
v0x13f72ebc0_0 .net *"_ivl_107", 0 0, L_0x13f733880;  1 drivers
v0x13f72ec60_0 .net *"_ivl_12", 0 0, L_0x13f731340;  1 drivers
v0x13f72ed00_0 .net *"_ivl_15", 0 0, L_0x13f731440;  1 drivers
L_0x140078058 .functor BUFT 1, C4<11111>, C4<0>, C4<0>, C4<0>;
v0x13f72eda0_0 .net/2u *"_ivl_16", 4 0, L_0x140078058;  1 drivers
v0x13f72ee50_0 .net *"_ivl_18", 0 0, L_0x13f731570;  1 drivers
v0x13f72eef0_0 .net *"_ivl_21", 0 0, L_0x13f731690;  1 drivers
v0x13f72ef90_0 .net *"_ivl_24", 0 0, L_0x13f7318a0;  1 drivers
v0x13f72f030_0 .net *"_ivl_27", 0 0, L_0x13f731940;  1 drivers
L_0x1400780a0 .functor BUFT 1, C4<11111>, C4<0>, C4<0>, C4<0>;
v0x13f72f0d0_0 .net/2u *"_ivl_28", 4 0, L_0x1400780a0;  1 drivers
v0x13f72f180_0 .net *"_ivl_3", 0 0, L_0x13f71f280;  1 drivers
v0x13f72f220_0 .net *"_ivl_30", 0 0, L_0x13f731a70;  1 drivers
v0x13f72e7d0_0 .net *"_ivl_33", 0 0, L_0x13f731bb0;  1 drivers
v0x13f72f4b0_0 .net *"_ivl_36", 0 0, L_0x13f731e00;  1 drivers
v0x13f72f540_0 .net *"_ivl_39", 0 0, L_0x13f731ee0;  1 drivers
L_0x140078010 .functor BUFT 1, C4<11111>, C4<0>, C4<0>, C4<0>;
v0x13f72f5d0_0 .net/2u *"_ivl_4", 4 0, L_0x140078010;  1 drivers
L_0x1400780e8 .functor BUFT 1, C4<11111>, C4<0>, C4<0>, C4<0>;
v0x13f72f660_0 .net/2u *"_ivl_40", 4 0, L_0x1400780e8;  1 drivers
v0x13f72f700_0 .net *"_ivl_42", 0 0, L_0x13f731fd0;  1 drivers
v0x13f72f7a0_0 .net *"_ivl_45", 0 0, L_0x13f7320f0;  1 drivers
v0x13f72f840_0 .net *"_ivl_48", 0 0, L_0x13f7322f0;  1 drivers
v0x13f72f8e0_0 .net *"_ivl_51", 0 0, L_0x13f7323e0;  1 drivers
L_0x140078130 .functor BUFT 1, C4<11111>, C4<0>, C4<0>, C4<0>;
v0x13f72f980_0 .net/2u *"_ivl_52", 4 0, L_0x140078130;  1 drivers
v0x13f72fa30_0 .net *"_ivl_54", 0 0, L_0x13f732520;  1 drivers
v0x13f72fad0_0 .net *"_ivl_57", 0 0, L_0x13f732600;  1 drivers
v0x13f72fb70_0 .net *"_ivl_6", 0 0, L_0x13f731020;  1 drivers
v0x13f72fc10_0 .net *"_ivl_60", 0 0, L_0x13f732820;  1 drivers
v0x13f72fcb0_0 .net *"_ivl_63", 0 0, L_0x13f732920;  1 drivers
L_0x140078178 .functor BUFT 1, C4<11111>, C4<0>, C4<0>, C4<0>;
v0x13f72fd50_0 .net/2u *"_ivl_64", 4 0, L_0x140078178;  1 drivers
v0x13f72fe00_0 .net *"_ivl_66", 0 0, L_0x13f7329d0;  1 drivers
v0x13f72fea0_0 .net *"_ivl_69", 0 0, L_0x13f732ab0;  1 drivers
v0x13f72ff40_0 .net *"_ivl_72", 0 0, L_0x13f732ca0;  1 drivers
v0x13f72ffe0_0 .net *"_ivl_75", 0 0, L_0x13f732db0;  1 drivers
L_0x1400781c0 .functor BUFT 1, C4<00000>, C4<0>, C4<0>, C4<0>;
v0x13f730080_0 .net/2u *"_ivl_76", 4 0, L_0x1400781c0;  1 drivers
v0x13f730130_0 .net *"_ivl_78", 0 0, L_0x13f732f00;  1 drivers
v0x13f7301d0_0 .net *"_ivl_82", 0 0, L_0x13f733120;  1 drivers
v0x13f730270_0 .net *"_ivl_85", 0 0, L_0x13f732d40;  1 drivers
L_0x140078208 .functor BUFT 1, C4<00000>, C4<0>, C4<0>, C4<0>;
v0x13f730310_0 .net/2u *"_ivl_86", 4 0, L_0x140078208;  1 drivers
v0x13f7303c0_0 .net *"_ivl_88", 0 0, L_0x13f732e60;  1 drivers
v0x13f730460_0 .net *"_ivl_9", 0 0, L_0x13f731160;  1 drivers
v0x13f730500_0 .net *"_ivl_93", 0 0, L_0x13f733570;  1 drivers
v0x13f7305a0_0 .net *"_ivl_95", 0 0, L_0x13f733720;  1 drivers
v0x13f730640_0 .net *"_ivl_97", 0 0, L_0x13f733790;  1 drivers
o0x140040be0 .functor BUFZ 1, C4<z>; HiZ drive
v0x13f7306e0_0 .net "clk", 0 0, o0x140040be0;  0 drivers
v0x13f730780_0 .net "ex_hit_ra", 0 0, L_0x13f731230;  1 drivers
v0x13f72f2c0_0 .net "ex_hit_rb", 0 0, L_0x13f7317b0;  1 drivers
v0x13f72f360_0 .net "mem_hit_ra", 0 0, L_0x13f731ca0;  1 drivers
v0x13f72f400_0 .net "mem_hit_rb", 0 0, L_0x13f732240;  1 drivers
v0x13f730810_0 .net "mul_busy", 0 0, o0x140040cd0;  0 drivers
o0x140040d00 .functor BUFZ 5, C4<zzzzz>; HiZ drive
v0x13f7308a0_0 .net "mul_busy_rd", 4 0, o0x140040d00;  0 drivers
v0x13f730950_0 .net "mul_hit_ra", 0 0, L_0x13f731b30;  1 drivers
v0x13f7309f0_0 .net "mul_hit_rb", 0 0, L_0x13f732070;  1 drivers
o0x140040d90 .functor BUFZ 1, C4<z>; HiZ drive
v0x13f730a90_0 .net "rst", 0 0, o0x140040d90;  0 drivers
v0x13f730b30_0 .net "stall_D", 0 0, L_0x13f733950;  1 drivers
v0x13f730bd0_0 .net "wb_hit_ra", 0 0, L_0x13f7326b0;  1 drivers
v0x13f730c70_0 .net "wb_hit_rb", 0 0, L_0x13f732c30;  1 drivers
L_0x13f730f40 .cmp/eq 5, o0x140040190, o0x140040010;
L_0x13f731020 .cmp/eq 5, o0x140040010, L_0x140078010;
L_0x13f731340 .cmp/eq 5, o0x140040190, o0x140040040;
L_0x13f731570 .cmp/eq 5, o0x140040040, L_0x140078058;
L_0x13f7318a0 .cmp/eq 5, o0x140040250, o0x140040010;
L_0x13f731a70 .cmp/eq 5, o0x140040010, L_0x1400780a0;
L_0x13f731e00 .cmp/eq 5, o0x140040250, o0x140040040;
L_0x13f731fd0 .cmp/eq 5, o0x140040040, L_0x1400780e8;
L_0x13f7322f0 .cmp/eq 5, o0x140040310, o0x140040010;
L_0x13f732520 .cmp/eq 5, o0x140040010, L_0x140078130;
L_0x13f732820 .cmp/eq 5, o0x140040310, o0x140040040;
L_0x13f7329d0 .cmp/eq 5, o0x140040040, L_0x140078178;
L_0x13f732ca0 .cmp/eq 5, o0x140040d00, o0x140040010;
L_0x13f732f00 .cmp/ne 5, o0x140040010, L_0x1400781c0;
L_0x13f733120 .cmp/eq 5, o0x140040d00, o0x140040040;
L_0x13f732e60 .cmp/ne 5, o0x140040040, L_0x140078208;
L_0x13f7339c0 .reduce/nor o0x140040130;
L_0x13f733c40 .reduce/nor o0x140040130;
L_0x13f733ce0 .concat [ 1 1 1 0], o0x140040100, L_0x13f733880, L_0x13f733af0;
L_0x13f733ea0 .concat [ 1 1 1 0], o0x140040220, L_0x13f732240, L_0x13f731ca0;
L_0x13f733f40 .concat [ 1 1 1 0], o0x1400402e0, L_0x13f732c30, L_0x13f7326b0;
# The file index is used to find the file name in the following table.
:file_names 4;
    "N/A";
    "<interactive>";
    "-";
    "Extras/Hazard_unit.v";
